#
# There is insufficient memory for the Java Runtime Environment to continue.
# Native memory allocation (malloc) failed to allocate 32744 bytes for ChunkPool::allocate
# Possible reasons:
#   The system is out of physical RAM or swap space
#   The process is running with CompressedOops enabled, and the Java Heap may be blocking the growth of the native heap
# Possible solutions:
#   Reduce memory load on the system
#   Increase physical memory or swap space
#   Check if swap backing store is full
#   Decrease Java heap size (-Xmx/-Xms)
#   Decrease number of Java threads
#   Decrease Java thread stack sizes (-Xss)
#   Set larger code cache with -XX:ReservedCodeCacheSize=
#   JVM is running with Unscaled Compressed Oops mode in which the Java heap is
#     placed in the first 4GB address space. The Java Heap base address is the
#     maximum limit for the native heap growth. Please use -XX:HeapBaseMinAddress
#     to set the Java Heap base and to place the Java Heap above 4GB virtual address.
# This output file may be truncated or incomplete.
#
#  Out of Memory Error (allocation.cpp:272), pid=6372, tid=0x00000000000043b4
#
# JRE version: Java(TM) SE Runtime Environment (8.0_221-b11) (build 1.8.0_221-b11)
# Java VM: Java HotSpot(TM) 64-Bit Server VM (25.221-b11 mixed mode windows-amd64 compressed oops)
# Failed to write core dump. Minidumps are not enabled by default on client versions of Windows
#

---------------  T H R E A D  ---------------

Current thread (0x00000000190ea000):  JavaThread "C1 CompilerThread2" daemon [_thread_in_native, id=17332, stack(0x00000000195e0000,0x00000000196e0000)]

Stack: [0x00000000195e0000,0x00000000196e0000]
[error occurred during error reporting (printing stack bounds), id 0xc0000005]

Native frames: (J=compiled Java code, j=interpreted, Vv=VM code, C=native code)


Current CompileTask:
C1:  18668 3568       1       sun.misc.ProxyGenerator$ProxyMethod::generateMethod (733 bytes)


---------------  P R O C E S S  ---------------

Java Threads: ( => current thread )
  0x000000001c042000 JavaThread "HikariPool-1 connection adder" daemon [_thread_in_native, id=15256, stack(0x000000001df30000,0x000000001e030000)]
  0x000000001c03e000 JavaThread "HikariPool-1 housekeeper" daemon [_thread_blocked, id=7368, stack(0x000000001de30000,0x000000001df30000)]
  0x000000001c045000 JavaThread "mysql-cj-abandoned-connection-cleanup" daemon [_thread_blocked, id=4316, stack(0x000000001d530000,0x000000001d630000)]
  0x000000001c041000 JavaThread "container-0" [_thread_blocked, id=17364, stack(0x000000001d430000,0x000000001d530000)]
  0x000000001bfb5800 JavaThread "Catalina-utility-2" [_thread_blocked, id=2896, stack(0x000000001d330000,0x000000001d430000)]
  0x000000001bfb2800 JavaThread "Catalina-utility-1" [_thread_blocked, id=15320, stack(0x000000001d230000,0x000000001d330000)]
  0x0000000019ff8800 JavaThread "JMX server connection timeout 23" daemon [_thread_blocked, id=8792, stack(0x000000001b360000,0x000000001b460000)]
  0x000000001a0c6000 JavaThread "restartedMain" [_thread_in_vm, id=2288, stack(0x000000001ae60000,0x000000001af60000)]
  0x0000000019267000 JavaThread "Thread-1" [_thread_blocked, id=12424, stack(0x000000001ad60000,0x000000001ae60000)]
  0x0000000019fc7000 JavaThread "RMI TCP Connection(2)-127.0.0.1" daemon [_thread_in_native, id=3172, stack(0x000000001aa60000,0x000000001ab60000)]
  0x0000000019fb7800 JavaThread "RMI Scheduler(0)" daemon [_thread_blocked, id=6420, stack(0x000000001a820000,0x000000001a920000)]
  0x0000000019f97000 JavaThread "RMI TCP Connection(1)-127.0.0.1" daemon [_thread_in_native, id=8340, stack(0x000000001a720000,0x000000001a820000)]
  0x0000000019da1800 JavaThread "RMI TCP Accept-0" daemon [_thread_in_native, id=6464, stack(0x000000001a520000,0x000000001a620000)]
  0x0000000019da1000 JavaThread "RMI TCP Accept-52650" daemon [_thread_in_native, id=6352, stack(0x000000001a420000,0x000000001a520000)]
  0x0000000019d89000 JavaThread "RMI TCP Accept-0" daemon [_thread_in_native, id=8488, stack(0x000000001a320000,0x000000001a420000)]
  0x00000000190ee000 JavaThread "Service Thread" daemon [_thread_blocked, id=8412, stack(0x00000000196e0000,0x00000000197e0000)]
=>0x00000000190ea000 JavaThread "C1 CompilerThread2" daemon [_thread_in_native, id=17332, stack(0x00000000195e0000,0x00000000196e0000)]
  0x00000000179cc000 JavaThread "C2 CompilerThread1" daemon [_thread_blocked, id=3752, stack(0x00000000194e0000,0x00000000195e0000)]
  0x0000000017975000 JavaThread "C2 CompilerThread0" daemon [_thread_blocked, id=10060, stack(0x0000000018fe0000,0x00000000190e0000)]
  0x0000000017974000 JavaThread "Attach Listener" daemon [_thread_blocked, id=14916, stack(0x0000000018ee0000,0x0000000018fe0000)]
  0x0000000017972800 JavaThread "Signal Dispatcher" daemon [_thread_blocked, id=15548, stack(0x0000000018de0000,0x0000000018ee0000)]
  0x000000001795f800 JavaThread "Finalizer" daemon [_thread_blocked, id=2024, stack(0x0000000018be0000,0x0000000018ce0000)]
  0x0000000017939000 JavaThread "Reference Handler" daemon [_thread_blocked, id=1964, stack(0x0000000018ae0000,0x0000000018be0000)]
  0x0000000002d26000 JavaThread "main" [_thread_blocked, id=236, stack(0x0000000002c20000,0x0000000002d20000)]

Other Threads:
  0x0000000017937000 VMThread [stack: 0x00000000189e0000,0x0000000018ae0000] [id=15640]
  0x0000000019da3800 WatcherThread [stack: 0x000000001a620000,0x000000001a720000] [id=15708]

VM state:synchronizing (normal execution)

VM Mutex/Monitor currently owned by a thread:  ([mutex/lock_event])
[0x0000000002d237d0] Safepoint_lock - owner thread: 0x0000000000000000

heap address: 0x0000000081800000, size: 2024 MB, Compressed Oops mode: 32-bit
Narrow klass base: 0x0000000000000000, Narrow klass shift: 3
Compressed class space size: 1073741824 Address: 0x0000000100000000

Heap:
 PSYoungGen      total 142848K, used 44991K [0x00000000d5d80000, 0x00000000df380000, 0x0000000100000000)
  eden space 133120K, 33% used [0x00000000d5d80000,0x00000000d896fd10,0x00000000ddf80000)
  from space 9728K, 0% used [0x00000000dea00000,0x00000000dea00000,0x00000000df380000)
  to   space 10240K, 0% used [0x00000000ddf80000,0x00000000ddf80000,0x00000000de980000)
 ParOldGen       total 66048K, used 17915K [0x0000000081800000, 0x0000000085880000, 0x00000000d5d80000)
  object space 66048K, 27% used [0x0000000081800000,0x000000008297edc8,0x0000000085880000)
 Metaspace       used 38346K, capacity 40674K, committed 40792K, reserved 1085440K
  class space    used 5314K, capacity 5757K, committed 5760K, reserved 1048576K

Card table byte_map: [0x00000000121e0000,0x00000000125e0000] byte_map_base: 0x0000000011dd4000

Marking Bits: (ParMarkBitMap*) 0x00000000585b5ce0
 Begin Bits: [0x0000000012c90000, 0x0000000014c30000)
 End Bits:   [0x0000000014c30000, 0x0000000016bd0000)

Polling page: 0x0000000000bf0000

CodeCache: size=245760Kb used=7403Kb max_used=7403Kb free=238356Kb
 bounds [0x0000000002e20000, 0x0000000003560000, 0x0000000011e20000]
 total_blobs=4073 nmethods=3567 adapters=418
 compilation: enabled

Compilation events (10 events):
Event: 18.624 Thread 0x00000000190ea000 nmethod 3563 0x0000000003551250 code [0x00000000035513c0, 0x0000000003551598]
Event: 18.624 Thread 0x00000000190ea000 3565       1       java.text.MessageFormat::subformat (546 bytes)
Event: 18.629 Thread 0x00000000190ea000 nmethod 3565 0x0000000003551650 code [0x0000000003551b00, 0x0000000003555538]
Event: 18.629 Thread 0x00000000190ea000 3564       1       java.text.MessageFormat::<init> (56 bytes)
Event: 18.630 Thread 0x00000000190ea000 nmethod 3564 0x0000000003557f90 code [0x0000000003558100, 0x0000000003558478]
Event: 18.630 Thread 0x00000000190ea000 3566   !   1       com.mysql.cj.Messages::getString (99 bytes)
Event: 18.633 Thread 0x00000000190ea000 nmethod 3566 0x0000000003558590 code [0x0000000003558800, 0x0000000003559448]
Event: 18.646 Thread 0x00000000190ea000 3567       1       java.lang.invoke.InvokerBytecodeGenerator::emitReferenceCast (184 bytes)
Event: 18.647 Thread 0x00000000190ea000 nmethod 3567 0x000000000355a090 code [0x000000000355a2c0, 0x000000000355a848]
Event: 18.651 Thread 0x00000000190ea000 3568       1       sun.misc.ProxyGenerator$ProxyMethod::generateMethod (733 bytes)

GC Heap History (10 events):
Event: 8.084 GC heap before
{Heap before GC invocations=6 (full 0):
 PSYoungGen      total 71680K, used 24689K [0x00000000d5d80000, 0x00000000df480000, 0x0000000100000000)
  eden space 66560K, 29% used [0x00000000d5d80000,0x00000000d709cc38,0x00000000d9e80000)
  from space 5120K, 99% used [0x00000000d9e80000,0x00000000da37fac0,0x00000000da380000)
  to   space 10752K, 0% used [0x00000000dea00000,0x00000000dea00000,0x00000000df480000)
 ParOldGen       total 87552K, used 8080K [0x0000000081800000, 0x0000000086d80000, 0x00000000d5d80000)
  object space 87552K, 9% used [0x0000000081800000,0x0000000081fe4110,0x0000000086d80000)
 Metaspace       used 20065K, capacity 21096K, committed 21248K, reserved 1067008K
  class space    used 2716K, capacity 2951K, committed 3072K, reserved 1048576K
Event: 8.095 GC heap after
Heap after GC invocations=6 (full 0):
 PSYoungGen      total 142848K, used 6593K [0x00000000d5d80000, 0x00000000df380000, 0x0000000100000000)
  eden space 133120K, 0% used [0x00000000d5d80000,0x00000000d5d80000,0x00000000ddf80000)
  from space 9728K, 67% used [0x00000000dea00000,0x00000000df070550,0x00000000df380000)
  to   space 10240K, 0% used [0x00000000ddf80000,0x00000000ddf80000,0x00000000de980000)
 ParOldGen       total 87552K, used 8088K [0x0000000081800000, 0x0000000086d80000, 0x00000000d5d80000)
  object space 87552K, 9% used [0x0000000081800000,0x0000000081fe6110,0x0000000086d80000)
 Metaspace       used 20065K, capacity 21096K, committed 21248K, reserved 1067008K
  class space    used 2716K, capacity 2951K, committed 3072K, reserved 1048576K
}
Event: 8.095 GC heap before
{Heap before GC invocations=7 (full 1):
 PSYoungGen      total 142848K, used 6593K [0x00000000d5d80000, 0x00000000df380000, 0x0000000100000000)
  eden space 133120K, 0% used [0x00000000d5d80000,0x00000000d5d80000,0x00000000ddf80000)
  from space 9728K, 67% used [0x00000000dea00000,0x00000000df070550,0x00000000df380000)
  to   space 10240K, 0% used [0x00000000ddf80000,0x00000000ddf80000,0x00000000de980000)
 ParOldGen       total 87552K, used 8088K [0x0000000081800000, 0x0000000086d80000, 0x00000000d5d80000)
  object space 87552K, 9% used [0x0000000081800000,0x0000000081fe6110,0x0000000086d80000)
 Metaspace       used 20065K, capacity 21096K, committed 21248K, reserved 1067008K
  class space    used 2716K, capacity 2951K, committed 3072K, reserved 1048576K
Event: 8.173 GC heap after
Heap after GC invocations=7 (full 1):
 PSYoungGen      total 142848K, used 0K [0x00000000d5d80000, 0x00000000df380000, 0x0000000100000000)
  eden space 133120K, 0% used [0x00000000d5d80000,0x00000000d5d80000,0x00000000ddf80000)
  from space 9728K, 0% used [0x00000000dea00000,0x00000000dea00000,0x00000000df380000)
  to   space 10240K, 0% used [0x00000000ddf80000,0x00000000ddf80000,0x00000000de980000)
 ParOldGen       total 48640K, used 7148K [0x0000000081800000, 0x0000000084780000, 0x00000000d5d80000)
  object space 48640K, 14% used [0x0000000081800000,0x0000000081efb2e8,0x0000000084780000)
 Metaspace       used 20065K, capacity 21096K, committed 21248K, reserved 1067008K
  class space    used 2716K, capacity 2951K, committed 3072K, reserved 1048576K
}
Event: 11.572 GC heap before
{Heap before GC invocations=8 (full 1):
 PSYoungGen      total 142848K, used 133120K [0x00000000d5d80000, 0x00000000df380000, 0x0000000100000000)
  eden space 133120K, 100% used [0x00000000d5d80000,0x00000000ddf80000,0x00000000ddf80000)
  from space 9728K, 0% used [0x00000000dea00000,0x00000000dea00000,0x00000000df380000)
  to   space 10240K, 0% used [0x00000000ddf80000,0x00000000ddf80000,0x00000000de980000)
 ParOldGen       total 48640K, used 7148K [0x0000000081800000, 0x0000000084780000, 0x00000000d5d80000)
  object space 48640K, 14% used [0x0000000081800000,0x0000000081efb2e8,0x0000000084780000)
 Metaspace       used 27287K, capacity 29272K, committed 29568K, reserved 1075200K
  class space    used 3748K, capacity 4128K, committed 4224K, reserved 1048576K
Event: 11.619 GC heap after
Heap after GC invocations=8 (full 1):
 PSYoungGen      total 143360K, used 10233K [0x00000000d5d80000, 0x00000000df380000, 0x0000000100000000)
  eden space 133120K, 0% used [0x00000000d5d80000,0x00000000d5d80000,0x00000000ddf80000)
  from space 10240K, 99% used [0x00000000ddf80000,0x00000000de97e660,0x00000000de980000)
  to   space 9728K, 0% used [0x00000000dea00000,0x00000000dea00000,0x00000000df380000)
 ParOldGen       total 48640K, used 8259K [0x0000000081800000, 0x0000000084780000, 0x00000000d5d80000)
  object space 48640K, 16% used [0x0000000081800000,0x0000000082010dd0,0x0000000084780000)
 Metaspace       used 27287K, capacity 29272K, committed 29568K, reserved 1075200K
  class space    used 3748K, capacity 4128K, committed 4224K, reserved 1048576K
}
Event: 15.082 GC heap before
{Heap before GC invocations=9 (full 1):
 PSYoungGen      total 143360K, used 104417K [0x00000000d5d80000, 0x00000000df380000, 0x0000000100000000)
  eden space 133120K, 70% used [0x00000000d5d80000,0x00000000db97a0d0,0x00000000ddf80000)
  from space 10240K, 99% used [0x00000000ddf80000,0x00000000de97e660,0x00000000de980000)
  to   space 9728K, 0% used [0x00000000dea00000,0x00000000dea00000,0x00000000df380000)
 ParOldGen       total 48640K, used 8259K [0x0000000081800000, 0x0000000084780000, 0x00000000d5d80000)
  object space 48640K, 16% used [0x0000000081800000,0x0000000082010dd0,0x0000000084780000)
 Metaspace       used 33170K, capacity 35284K, committed 35416K, reserved 1079296K
  class space    used 4600K, capacity 4962K, committed 4992K, reserved 1048576K
Event: 15.099 GC heap after
Heap after GC invocations=9 (full 1):
 PSYoungGen      total 142848K, used 9717K [0x00000000d5d80000, 0x00000000df380000, 0x0000000100000000)
  eden space 133120K, 0% used [0x00000000d5d80000,0x00000000d5d80000,0x00000000ddf80000)
  from space 9728K, 99% used [0x00000000dea00000,0x00000000df37d600,0x00000000df380000)
  to   space 10240K, 0% used [0x00000000ddf80000,0x00000000ddf80000,0x00000000de980000)
 ParOldGen       total 48640K, used 10619K [0x0000000081800000, 0x0000000084780000, 0x00000000d5d80000)
  object space 48640K, 21% used [0x0000000081800000,0x000000008225ef38,0x0000000084780000)
 Metaspace       used 33170K, capacity 35284K, committed 35416K, reserved 1079296K
  class space    used 4600K, capacity 4962K, committed 4992K, reserved 1048576K
}
Event: 15.099 GC heap before
{Heap before GC invocations=10 (full 2):
 PSYoungGen      total 142848K, used 9717K [0x00000000d5d80000, 0x00000000df380000, 0x0000000100000000)
  eden space 133120K, 0% used [0x00000000d5d80000,0x00000000d5d80000,0x00000000ddf80000)
  from space 9728K, 99% used [0x00000000dea00000,0x00000000df37d600,0x00000000df380000)
  to   space 10240K, 0% used [0x00000000ddf80000,0x00000000ddf80000,0x00000000de980000)
 ParOldGen       total 48640K, used 10619K [0x0000000081800000, 0x0000000084780000, 0x00000000d5d80000)
  object space 48640K, 21% used [0x0000000081800000,0x000000008225ef38,0x0000000084780000)
 Metaspace       used 33170K, capacity 35284K, committed 35416K, reserved 1079296K
  class space    used 4600K, capacity 4962K, committed 4992K, reserved 1048576K
Event: 15.182 GC heap after
Heap after GC invocations=10 (full 2):
 PSYoungGen      total 142848K, used 0K [0x00000000d5d80000, 0x00000000df380000, 0x0000000100000000)
  eden space 133120K, 0% used [0x00000000d5d80000,0x00000000d5d80000,0x00000000ddf80000)
  from space 9728K, 0% used [0x00000000dea00000,0x00000000dea00000,0x00000000df380000)
  to   space 10240K, 0% used [0x00000000ddf80000,0x00000000ddf80000,0x00000000de980000)
 ParOldGen       total 66048K, used 17915K [0x0000000081800000, 0x0000000085880000, 0x00000000d5d80000)
  object space 66048K, 27% used [0x0000000081800000,0x000000008297edc8,0x0000000085880000)
 Metaspace       used 33170K, capacity 35284K, committed 35416K, reserved 1079296K
  class space    used 4600K, capacity 4962K, committed 4992K, reserved 1048576K
}

Deoptimization events (0 events):
No events

Classes redefined (0 events):
No events

Internal exceptions (10 events):
Event: 12.883 Thread 0x000000001a0c6000 Exception <a 'java/lang/ArrayIndexOutOfBoundsException'> (0x00000000d9d71d40) thrown at [C:\re\workspace\8-2-build-windows-amd64-cygwin\jdk8u221\13320\hotspot\src\share\vm\runtime\sharedRuntime.cpp, line 605]
Event: 12.931 Thread 0x0000000019fc7000 Exception <a 'java/lang/reflect/InvocationTargetException'> (0x00000000d835a230) thrown at [C:\re\workspace\8-2-build-windows-amd64-cygwin\jdk8u221\13320\hotspot\src\share\vm\runtime\reflection.cpp, line 1092]
Event: 13.433 Thread 0x0000000019fc7000 Exception <a 'java/lang/reflect/InvocationTargetException'> (0x00000000d835e070) thrown at [C:\re\workspace\8-2-build-windows-amd64-cygwin\jdk8u221\13320\hotspot\src\share\vm\runtime\reflection.cpp, line 1092]
Event: 15.196 Thread 0x0000000019fc7000 Exception <a 'java/lang/reflect/InvocationTargetException'> (0x00000000d6330f70) thrown at [C:\re\workspace\8-2-build-windows-amd64-cygwin\jdk8u221\13320\hotspot\src\share\vm\runtime\reflection.cpp, line 1092]
Event: 15.706 Thread 0x0000000019fc7000 Exception <a 'java/lang/reflect/InvocationTargetException'> (0x00000000d6335580) thrown at [C:\re\workspace\8-2-build-windows-amd64-cygwin\jdk8u221\13320\hotspot\src\share\vm\runtime\reflection.cpp, line 1092]
Event: 16.208 Thread 0x0000000019fc7000 Exception <a 'java/lang/reflect/InvocationTargetException'> (0x00000000d6339388) thrown at [C:\re\workspace\8-2-build-windows-amd64-cygwin\jdk8u221\13320\hotspot\src\share\vm\runtime\reflection.cpp, line 1092]
Event: 16.712 Thread 0x0000000019fc7000 Exception <a 'java/lang/reflect/InvocationTargetException'> (0x00000000d633d190) thrown at [C:\re\workspace\8-2-build-windows-amd64-cygwin\jdk8u221\13320\hotspot\src\share\vm\runtime\reflection.cpp, line 1092]
Event: 17.215 Thread 0x0000000019fc7000 Exception <a 'java/lang/reflect/InvocationTargetException'> (0x00000000d6340f98) thrown at [C:\re\workspace\8-2-build-windows-amd64-cygwin\jdk8u221\13320\hotspot\src\share\vm\runtime\reflection.cpp, line 1092]
Event: 17.720 Thread 0x0000000019fc7000 Exception <a 'java/lang/reflect/InvocationTargetException'> (0x00000000d6344da0) thrown at [C:\re\workspace\8-2-build-windows-amd64-cygwin\jdk8u221\13320\hotspot\src\share\vm\runtime\reflection.cpp, line 1092]
Event: 18.224 Thread 0x0000000019fc7000 Exception <a 'java/lang/reflect/InvocationTargetException'> (0x00000000d6348ba8) thrown at [C:\re\workspace\8-2-build-windows-amd64-cygwin\jdk8u221\13320\hotspot\src\share\vm\runtime\reflection.cpp, line 1092]

Events (10 events):
Event: 18.658 Executing VM operation: RevokeBias
Event: 18.658 Executing VM operation: RevokeBias done
Event: 18.658 loading class org/hibernate/engine/jdbc/cursor/internal/StandardRefCursorSupport
Event: 18.658 loading class org/hibernate/engine/jdbc/cursor/internal/StandardRefCursorSupport done
Event: 18.658 Executing VM operation: RevokeBias
Event: 18.659 Executing VM operation: RevokeBias done
Event: 18.659 Executing VM operation: RevokeBias
Event: 18.659 Executing VM operation: RevokeBias done
Event: 18.660 Executing VM operation: RevokeBias
Event: 18.660 Executing VM operation: RevokeBias done


Dynamic libraries:
0x00007ff6597b0000 - 0x00007ff6597e7000 	C:\Program Files\Java\jre1.8.0_221\bin\javaw.exe
0x00007ff8e4fa0000 - 0x00007ff8e5190000 	C:\WINDOWS\SYSTEM32\ntdll.dll
0x00007ff8e3050000 - 0x00007ff8e3102000 	C:\WINDOWS\System32\KERNEL32.DLL
0x00007ff8e1f30000 - 0x00007ff8e21d4000 	C:\WINDOWS\System32\KERNELBASE.dll
0x00007ff8e4eb0000 - 0x00007ff8e4f53000 	C:\WINDOWS\System32\ADVAPI32.dll
0x00007ff8e49c0000 - 0x00007ff8e4a5e000 	C:\WINDOWS\System32\msvcrt.dll
0x00007ff8e4920000 - 0x00007ff8e49b7000 	C:\WINDOWS\System32\sechost.dll
0x00007ff8e39e0000 - 0x00007ff8e3b00000 	C:\WINDOWS\System32\RPCRT4.dll
0x00007ff8e3b00000 - 0x00007ff8e3c94000 	C:\WINDOWS\System32\USER32.dll
0x00007ff8e3020000 - 0x00007ff8e3041000 	C:\WINDOWS\System32\win32u.dll
0x00007ff8e4b80000 - 0x00007ff8e4ba6000 	C:\WINDOWS\System32\GDI32.dll
0x00007ff8e2460000 - 0x00007ff8e25f5000 	C:\WINDOWS\System32\gdi32full.dll
0x00007ff8e2800000 - 0x00007ff8e289e000 	C:\WINDOWS\System32\msvcp_win.dll
0x00007ff8e2260000 - 0x00007ff8e235a000 	C:\WINDOWS\System32\ucrtbase.dll
0x00007ff8c8b70000 - 0x00007ff8c8df4000 	C:\WINDOWS\WinSxS\amd64_microsoft.windows.common-controls_6595b64144ccf1df_6.0.18362.900_none_e6beb9d913147d17\COMCTL32.dll
0x00007ff8e3ca0000 - 0x00007ff8e3fd5000 	C:\WINDOWS\System32\combase.dll
0x00007ff8e21e0000 - 0x00007ff8e2260000 	C:\WINDOWS\System32\bcryptPrimitives.dll
0x00007ff8e48f0000 - 0x00007ff8e491e000 	C:\WINDOWS\System32\IMM32.DLL
0x0000000058640000 - 0x0000000058712000 	C:\Program Files\Java\jre1.8.0_221\bin\msvcr100.dll
0x0000000057d90000 - 0x0000000058635000 	C:\Program Files\Java\jre1.8.0_221\bin\server\jvm.dll
0x00007ff8e3650000 - 0x00007ff8e3658000 	C:\WINDOWS\System32\PSAPI.DLL
0x00007ff8cafb0000 - 0x00007ff8cafb9000 	C:\WINDOWS\SYSTEM32\WSOCK32.dll
0x00007ff8e3970000 - 0x00007ff8e39df000 	C:\WINDOWS\System32\WS2_32.dll
0x00007ff8de920000 - 0x00007ff8de944000 	C:\WINDOWS\SYSTEM32\WINMM.dll
0x00007ff8d7df0000 - 0x00007ff8d7dfa000 	C:\WINDOWS\SYSTEM32\VERSION.dll
0x00007ff8de8f0000 - 0x00007ff8de91d000 	C:\WINDOWS\SYSTEM32\WINMMBASE.dll
0x00007ff8e2600000 - 0x00007ff8e264a000 	C:\WINDOWS\System32\cfgmgr32.dll
0x00007ff8cb030000 - 0x00007ff8cb03f000 	C:\Program Files\Java\jre1.8.0_221\bin\verify.dll
0x00007ff8cb000000 - 0x00007ff8cb029000 	C:\Program Files\Java\jre1.8.0_221\bin\java.dll
0x00007ff8b88f0000 - 0x00007ff8b8906000 	C:\Program Files\Java\jre1.8.0_221\bin\zip.dll
0x00007ff8e4200000 - 0x00007ff8e48e6000 	C:\WINDOWS\System32\SHELL32.dll
0x00007ff8e35a0000 - 0x00007ff8e3649000 	C:\WINDOWS\System32\shcore.dll
0x00007ff8e28a0000 - 0x00007ff8e3020000 	C:\WINDOWS\System32\windows.storage.dll
0x00007ff8e1e90000 - 0x00007ff8e1eb3000 	C:\WINDOWS\System32\profapi.dll
0x00007ff8e1ec0000 - 0x00007ff8e1f0a000 	C:\WINDOWS\System32\powrprof.dll
0x00007ff8e1e60000 - 0x00007ff8e1e70000 	C:\WINDOWS\System32\UMPDC.dll
0x00007ff8e4140000 - 0x00007ff8e4192000 	C:\WINDOWS\System32\shlwapi.dll
0x00007ff8e1f10000 - 0x00007ff8e1f21000 	C:\WINDOWS\System32\kernel.appcore.dll
0x00007ff8e2410000 - 0x00007ff8e2427000 	C:\WINDOWS\System32\cryptsp.dll
0x00007ff8de640000 - 0x00007ff8de64d000 	C:\Program Files\Java\jre1.8.0_221\bin\management.dll
0x00007ff8de620000 - 0x00007ff8de63a000 	C:\Program Files\Java\jre1.8.0_221\bin\net.dll
0x00007ff8d7bc0000 - 0x00007ff8d7d96000 	C:\WINDOWS\SYSTEM32\urlmon.dll
0x00007ff8d73f0000 - 0x00007ff8d7696000 	C:\WINDOWS\SYSTEM32\iertutil.dll
0x00007ff8e1840000 - 0x00007ff8e184c000 	C:\WINDOWS\SYSTEM32\CRYPTBASE.DLL
0x00007ff8e1670000 - 0x00007ff8e16d7000 	C:\WINDOWS\system32\mswsock.dll
0x00007ff8de600000 - 0x00007ff8de612000 	C:\Program Files\Java\jre1.8.0_221\bin\nio.dll
0x00007ff8c8aa0000 - 0x00007ff8c8ab6000 	C:\WINDOWS\system32\napinsp.dll
0x00007ff8c8a80000 - 0x00007ff8c8a9a000 	C:\WINDOWS\system32\pnrpnsp.dll
0x00007ff8e13c0000 - 0x00007ff8e148b000 	C:\WINDOWS\SYSTEM32\DNSAPI.dll
0x00007ff8e38f0000 - 0x00007ff8e38f8000 	C:\WINDOWS\System32\NSI.dll
0x00007ff8e1380000 - 0x00007ff8e13ba000 	C:\WINDOWS\SYSTEM32\IPHLPAPI.DLL
0x00007ff8c8a70000 - 0x00007ff8c8a7e000 	C:\WINDOWS\System32\winrnr.dll
0x00007ff8de430000 - 0x00007ff8de44c000 	C:\WINDOWS\system32\NLAapi.dll
0x00007ff8d3950000 - 0x00007ff8d3965000 	C:\WINDOWS\system32\wshbth.dll
0x00007ff8d32f0000 - 0x00007ff8d32fa000 	C:\Windows\System32\rasadhlp.dll
0x00007ff8d6f70000 - 0x00007ff8d6fe7000 	C:\WINDOWS\System32\fwpuclnt.dll
0x00007ff8e2430000 - 0x00007ff8e2456000 	C:\WINDOWS\System32\bcrypt.dll
0x00007ff8e11e0000 - 0x00007ff8e1213000 	C:\WINDOWS\system32\rsaenh.dll
0x00007ff8e1d80000 - 0x00007ff8e1da5000 	C:\WINDOWS\SYSTEM32\USERENV.dll
0x00007ff8d81a0000 - 0x00007ff8d81b6000 	C:\WINDOWS\SYSTEM32\dhcpcsvc6.DLL
0x00007ff8d8e50000 - 0x00007ff8d8e6c000 	C:\WINDOWS\SYSTEM32\dhcpcsvc.DLL
0x00007ff8de5d0000 - 0x00007ff8de5f4000 	C:\Program Files\Java\jre1.8.0_221\bin\sunec.dll
0x00007ff8de5c0000 - 0x00007ff8de5cb000 	C:\Program Files\Java\jre1.8.0_221\bin\sunmscapi.dll
0x00007ff8e26b0000 - 0x00007ff8e27f9000 	C:\WINDOWS\System32\CRYPT32.dll
0x00007ff8e1e70000 - 0x00007ff8e1e82000 	C:\WINDOWS\System32\MSASN1.dll

VM Arguments:
jvm_args: -Dcom.sun.management.jmxremote -Dcom.sun.management.jmxremote.port=52650 -Dcom.sun.management.jmxremote.authenticate=false -Dcom.sun.management.jmxremote.ssl=false -Djava.rmi.server.hostname=localhost -Dspring.jmx.enabled=true -Dspring.application.admin.enabled=true -Xverify:none -XX:TieredStopAtLevel=1 -Dspring.boot.project.name=Rsale -Dfile.encoding=UTF-8 
java_command: com.dk.rsale.RsaleApplication --spring.output.ansi.enabled=always
java_class_path (initial): D:\myproject\Rsale\target\classes;C:\Users\TANISHKA\.p2\pool\plugins\org.junit_4.13.0.v20200204-1500.jar;C:\Users\TANISHKA\.p2\pool\plugins\org.hamcrest.core_1.3.0.v20180420-1519.jar;C:\Users\TANISHKA\.m2\repository\org\springframework\boot\spring-boot-starter-data-jpa\2.4.4\spring-boot-starter-data-jpa-2.4.4.jar;C:\Users\TANISHKA\.m2\repository\org\springframework\boot\spring-boot-starter-aop\2.4.4\spring-boot-starter-aop-2.4.4.jar;C:\Users\TANISHKA\.m2\repository\org\springframework\spring-aop\5.3.5\spring-aop-5.3.5.jar;C:\Users\TANISHKA\.m2\repository\org\aspectj\aspectjweaver\1.9.6\aspectjweaver-1.9.6.jar;C:\Users\TANISHKA\.m2\repository\org\springframework\boot\spring-boot-starter-jdbc\2.4.4\spring-boot-starter-jdbc-2.4.4.jar;C:\Users\TANISHKA\.m2\repository\com\zaxxer\HikariCP\3.4.5\HikariCP-3.4.5.jar;C:\Users\TANISHKA\.m2\repository\org\springframework\spring-jdbc\5.3.5\spring-jdbc-5.3.5.jar;C:\Users\TANISHKA\.m2\repository\jakarta\transaction\jakarta.transaction-api\1.3.3\jakarta.transaction-api-1.3.3.jar;C:\Users\TANISHKA\.m2\repository\jakarta\persistence\jakarta.persistence-api\2.2.3\jakarta.persistence-api-2.2.3.jar;C:\Users\TANISHKA\.m2\repository\org\hibernate\hibernate-core\5.4.29.Final\hibernate-core-5.4.29.Final.jar;C:\Users\TANISHKA\.m2\repository\org\jboss\logging\jboss-logging\3.4.1.Final\jboss-logging-3.4.1.Final.jar;C:\Users\TANISHKA\.m2\repository\org\javassist\javassist\3.27.0-GA\javassist-3.27.0-GA.jar;C:\Users\TANISHKA\.m2\repository\net\bytebuddy\byte-buddy\1.10.22\byte-buddy-1.10.22.jar;C:\Users\TANISHKA\.m2\repository\antlr\antlr\2.7.7\antlr-2.7.7.jar;C:\Users\TANISHKA\.m2\repository\org\jboss\jandex\2.2.3.Final\jandex-2.2.3.Final.jar;C:\Users\TANISHKA\.m2\repository\com\fasterxml\classmate\1.5.1\classmate-1.5.1.jar;C:\Users\TANISHKA\.m2\repository\org\dom4j\dom4j\2.1.3\dom4j-2.1.3.jar;C:\Users\TANISHKA\.m2\repository\org\hibernate\common\hibernate-commons-annotations\5.1.2.Final\hibernate-commons-annotations
Launcher Type: SUN_STANDARD

Environment Variables:
JAVA_HOME=C:\Program Files\Java\jdk1.8.0_181
PATH=C:/Users/TANISHKA/.p2/pool/plugins/org.eclipse.justj.openjdk.hotspot.jre.full.win32.x86_64_15.0.1.v20201027-0507/jre/bin/server;C:/Users/TANISHKA/.p2/pool/plugins/org.eclipse.justj.openjdk.hotspot.jre.full.win32.x86_64_15.0.1.v20201027-0507/jre/bin;C:\Python38\Scripts\;C:\Python38\;D:\app\TANISHKA\product\11.2.0\dbhome_1\bin;C:\Program Files (x86)\Common Files\Oracle\Java\javapath;C:\Program Files (x86)\Intel\iCLS Client\;C:\Program Files\Intel\iCLS Client\;C:\WINDOWS\system32;C:\WINDOWS;C:\WINDOWS\System32\Wbem;C:\WINDOWS\System32\WindowsPowerShell\v1.0\;C:\WINDOWS\System32\OpenSSH\;C:\Program Files\Java\jdk1.8.0_181\bin;%cCATALINA_HOME%\bin;D:\SQL-SERVER\Client SDK\ODBC\130\Tools\Binn\;D:\SQL-SERVER\140\Tools\Binn\;D:\SQL-SERVER\140\DTS\Binn\;C:\Program Files (x86)\MySQL\MySQL Server 5.5\bin;C:\Program Files\Java\jdk-13.0.2\bin;C:\ProgramData\chocolatey\bin;C:\Program Files\MySQL\MySQL Shell 8.0\bin\;C:\Users\TANISHKA\AppData\Local\Microsoft\WindowsApps;C:\Program Files\MySQL\MySQL Server 8.0\bin;C:\Users\TANISHKA\Desktop;
USERNAME=TANISHKA
OS=Windows_NT
PROCESSOR_IDENTIFIER=Intel64 Family 6 Model 61 Stepping 4, GenuineIntel



---------------  S Y S T E M  ---------------

OS: Windows 10.0 , 64 bit Build 18362 (10.0.18362.900)

CPU:total 4 (initial active 4) (2 cores per cpu, 2 threads per core) family 6 model 61 stepping 4, cmov, cx8, fxsr, mmx, sse, sse2, sse3, ssse3, sse4.1, sse4.2, popcnt, avx, avx2, aes, clmul, erms, rtm, 3dnowpref, lzcnt, ht, tsc, tscinvbit, bmi1, bmi2, adx

Memory: 4k page, physical 8288672k(1086288k free), swap 9761120k(2412k free)

vm_info: Java HotSpot(TM) 64-Bit Server VM (25.221-b11) for windows-amd64 JRE (1.8.0_221-b11), built on Jul  4 2019 04:39:29 by "java_re" with MS VC++ 10.0 (VS2010)

time: Sun Apr 11 21:26:39 2021
timezone: India Standard Time
elapsed time: 18 seconds (0d 0h 0m 18s)

