#
# There is insufficient memory for the Java Runtime Environment to continue.
# Native memory allocation (malloc) failed to allocate 32744 bytes for ChunkPool::allocate
# Possible reasons:
#   The system is out of physical RAM or swap space
#   The process is running with CompressedOops enabled, and the Java Heap may be blocking the growth of the native heap
# Possible solutions:
#   Reduce memory load on the system
#   Increase physical memory or swap space
#   Check if swap backing store is full
#   Decrease Java heap size (-Xmx/-Xms)
#   Decrease number of Java threads
#   Decrease Java thread stack sizes (-Xss)
#   Set larger code cache with -XX:ReservedCodeCacheSize=
#   JVM is running with Unscaled Compressed Oops mode in which the Java heap is
#     placed in the first 4GB address space. The Java Heap base address is the
#     maximum limit for the native heap growth. Please use -XX:HeapBaseMinAddress
#     to set the Java Heap base and to place the Java Heap above 4GB virtual address.
# This output file may be truncated or incomplete.
#
#  Out of Memory Error (allocation.cpp:272), pid=3312, tid=0x0000000000002724
#
# JRE version: Java(TM) SE Runtime Environment (8.0_221-b11) (build 1.8.0_221-b11)
# Java VM: Java HotSpot(TM) 64-Bit Server VM (25.221-b11 mixed mode windows-amd64 compressed oops)
# Failed to write core dump. Minidumps are not enabled by default on client versions of Windows
#

---------------  T H R E A D  ---------------

Current thread (0x00000000198d7000):  JavaThread "restartedMain" [_thread_in_vm, id=10020, stack(0x000000001a630000,0x000000001a730000)]

Stack: [0x000000001a630000,0x000000001a730000]
[error occurred during error reporting (printing stack bounds), id 0xc0000005]

Native frames: (J=compiled Java code, j=interpreted, Vv=VM code, C=native code)

Java frames: (J=compiled Java code, j=interpreted, Vv=VM code)
J 951  java.lang.ClassLoader.defineClass1(Ljava/lang/String;[BIILjava/security/ProtectionDomain;Ljava/lang/String;)Ljava/lang/Class; (0 bytes) @ 0x0000000002788a9f [0x0000000002788a00+0x9f]
J 813 C1 java.lang.ClassLoader.defineClass(Ljava/lang/String;[BIILjava/security/ProtectionDomain;)Ljava/lang/Class; (43 bytes) @ 0x00000000027512dc [0x00000000027511e0+0xfc]
J 814 C1 java.net.URLClassLoader.defineClass(Ljava/lang/String;Lsun/misc/Resource;)Ljava/lang/Class; (142 bytes) @ 0x000000000275248c [0x0000000002751ac0+0x9cc]
J 766 C1 java.net.URLClassLoader$1.run()Ljava/lang/Class; (63 bytes) @ 0x000000000273cef4 [0x000000000273ce40+0xb4]
J 765 C1 java.net.URLClassLoader$1.run()Ljava/lang/Object; (5 bytes) @ 0x000000000273cb14 [0x000000000273cae0+0x34]
v  ~StubRoutines::call_stub
J 535  java.security.AccessController.doPrivileged(Ljava/security/PrivilegedExceptionAction;Ljava/security/AccessControlContext;)Ljava/lang/Object; (0 bytes) @ 0x00000000026cd826 [0x00000000026cd7c0+0x66]
J 682 C1 java.net.URLClassLoader.findClass(Ljava/lang/String;)Ljava/lang/Class; (47 bytes) @ 0x000000000271bdf4 [0x000000000271bd40+0xb4]
J 548 C1 java.lang.ClassLoader.loadClass(Ljava/lang/String;Z)Ljava/lang/Class; (122 bytes) @ 0x00000000026d2524 [0x00000000026d2220+0x304]
J 669 C1 sun.misc.Launcher$AppClassLoader.loadClass(Ljava/lang/String;Z)Ljava/lang/Class; (85 bytes) @ 0x000000000270e7c4 [0x000000000270e4e0+0x2e4]
J 660 C1 java.lang.ClassLoader.loadClass(Ljava/lang/String;)Ljava/lang/Class; (7 bytes) @ 0x000000000270bd24 [0x000000000270bce0+0x44]
v  ~StubRoutines::call_stub
j  org.springframework.web.servlet.mvc.method.annotation.RequestMappingHandlerAdapter.<init>()V+27
j  org.springframework.web.servlet.config.annotation.WebMvcConfigurationSupport.createRequestMappingHandlerAdapter()Lorg/springframework/web/servlet/mvc/method/annotation/RequestMappingHandlerAdapter;+4
j  org.springframework.boot.autoconfigure.web.servlet.WebMvcAutoConfiguration$EnableWebMvcConfiguration.createRequestMappingHandlerAdapter()Lorg/springframework/web/servlet/mvc/method/annotation/RequestMappingHandlerAdapter;+24
j  org.springframework.web.servlet.config.annotation.WebMvcConfigurationSupport.requestMappingHandlerAdapter(Lorg/springframework/web/accept/ContentNegotiationManager;Lorg/springframework/format/support/FormattingConversionService;Lorg/springframework/validation/Validator;)Lorg/springframework/web/servlet/mvc/method/annotation/RequestMappingHandlerAdapter;+1
j  org.springframework.boot.autoconfigure.web.servlet.WebMvcAutoConfiguration$EnableWebMvcConfiguration.requestMappingHandlerAdapter(Lorg/springframework/web/accept/ContentNegotiationManager;Lorg/springframework/format/support/FormattingConversionService;Lorg/springframework/validation/Validator;)Lorg/springframework/web/servlet/mvc/method/annotation/RequestMappingHandlerAdapter;+4
v  ~StubRoutines::call_stub
J 2262  sun.reflect.NativeMethodAccessorImpl.invoke0(Ljava/lang/reflect/Method;Ljava/lang/Object;[Ljava/lang/Object;)Ljava/lang/Object; (0 bytes) @ 0x00000000029952bf [0x0000000002995240+0x7f]
J 1992 C1 sun.reflect.NativeMethodAccessorImpl.invoke(Ljava/lang/Object;[Ljava/lang/Object;)Ljava/lang/Object; (104 bytes) @ 0x0000000002918f5c [0x0000000002918be0+0x37c]
J 1941 C1 sun.reflect.DelegatingMethodAccessorImpl.invoke(Ljava/lang/Object;[Ljava/lang/Object;)Ljava/lang/Object; (10 bytes) @ 0x00000000029014a4 [0x0000000002901460+0x44]
J 1940 C1 java.lang.reflect.Method.invoke(Ljava/lang/Object;[Ljava/lang/Object;)Ljava/lang/Object; (62 bytes) @ 0x00000000029010d4 [0x0000000002900fe0+0xf4]
j  org.springframework.beans.factory.support.SimpleInstantiationStrategy.instantiate(Lorg/springframework/beans/factory/support/RootBeanDefinition;Ljava/lang/String;Lorg/springframework/beans/factory/BeanFactory;Ljava/lang/Object;Ljava/lang/reflect/Method;[Ljava/lang/Object;)Ljava/lang/Object;+50
j  org.springframework.beans.factory.support.ConstructorResolver.instantiate(Ljava/lang/String;Lorg/springframework/beans/factory/support/RootBeanDefinition;Ljava/lang/Object;Ljava/lang/reflect/Method;[Ljava/lang/Object;)Ljava/lang/Object;+48
j  org.springframework.beans.factory.support.ConstructorResolver.instantiateUsingFactoryMethod(Ljava/lang/String;Lorg/springframework/beans/factory/support/RootBeanDefinition;[Ljava/lang/Object;)Lorg/springframework/beans/BeanWrapper;+1535
j  org.springframework.beans.factory.support.AbstractAutowireCapableBeanFactory.instantiateUsingFactoryMethod(Ljava/lang/String;Lorg/springframework/beans/factory/support/RootBeanDefinition;[Ljava/lang/Object;)Lorg/springframework/beans/BeanWrapper;+11
j  org.springframework.beans.factory.support.AbstractAutowireCapableBeanFactory.createBeanInstance(Ljava/lang/String;Lorg/springframework/beans/factory/support/RootBeanDefinition;[Ljava/lang/Object;)Lorg/springframework/beans/BeanWrapper;+102
j  org.springframework.beans.factory.support.AbstractAutowireCapableBeanFactory.doCreateBean(Ljava/lang/String;Lorg/springframework/beans/factory/support/RootBeanDefinition;[Ljava/lang/Object;)Ljava/lang/Object;+34
j  org.springframework.beans.factory.support.AbstractAutowireCapableBeanFactory.createBean(Ljava/lang/String;Lorg/springframework/beans/factory/support/RootBeanDefinition;[Ljava/lang/Object;)Ljava/lang/Object;+169
j  org.springframework.beans.factory.support.AbstractBeanFactory.lambda$doGetBean$0(Ljava/lang/String;Lorg/springframework/beans/factory/support/RootBeanDefinition;[Ljava/lang/Object;)Ljava/lang/Object;+4
j  org.springframework.beans.factory.support.AbstractBeanFactory$$Lambda$195.getObject()Ljava/lang/Object;+16
j  org.springframework.beans.factory.support.DefaultSingletonBeanRegistry.getSingleton(Ljava/lang/String;Lorg/springframework/beans/factory/ObjectFactory;)Ljava/lang/Object;+132
J 2604 C1 org.springframework.beans.factory.support.AbstractBeanFactory.doGetBean(Ljava/lang/String;Ljava/lang/Class;[Ljava/lang/Object;Z)Ljava/lang/Object; (832 bytes) @ 0x0000000002a2fc0c [0x0000000002a2f580+0x68c]
J 5924 C1 org.springframework.beans.factory.support.AbstractBeanFactory.getBean(Ljava/lang/String;)Ljava/lang/Object; (9 bytes) @ 0x00000000028d4a0c [0x00000000028d49c0+0x4c]
j  org.springframework.beans.factory.support.DefaultListableBeanFactory.preInstantiateSingletons()V+248
j  org.springframework.context.support.AbstractApplicationContext.finishBeanFactoryInitialization(Lorg/springframework/beans/factory/config/ConfigurableListableBeanFactory;)V+124
j  org.springframework.context.support.AbstractApplicationContext.refresh()V+86
j  org.springframework.boot.web.servlet.context.ServletWebServerApplicationContext.refresh()V+1
j  org.springframework.boot.SpringApplication.refresh(Lorg/springframework/context/ConfigurableApplicationContext;)V+1
j  org.springframework.boot.SpringApplication.refresh(Lorg/springframework/context/ApplicationContext;)V+12
j  org.springframework.boot.SpringApplication.refreshContext(Lorg/springframework/context/ConfigurableApplicationContext;)V+19
j  org.springframework.boot.SpringApplication.run([Ljava/lang/String;)Lorg/springframework/context/ConfigurableApplicationContext;+111
j  org.springframework.boot.SpringApplication.run([Ljava/lang/Class;[Ljava/lang/String;)Lorg/springframework/context/ConfigurableApplicationContext;+9
j  org.springframework.boot.SpringApplication.run(Ljava/lang/Class;[Ljava/lang/String;)Lorg/springframework/context/ConfigurableApplicationContext;+9
j  com.dk.rsale.RsaleApplication.main([Ljava/lang/String;)V+27
v  ~StubRoutines::call_stub
j  sun.reflect.NativeMethodAccessorImpl.invoke0(Ljava/lang/reflect/Method;Ljava/lang/Object;[Ljava/lang/Object;)Ljava/lang/Object;+0
j  sun.reflect.NativeMethodAccessorImpl.invoke(Ljava/lang/Object;[Ljava/lang/Object;)Ljava/lang/Object;+100
j  sun.reflect.DelegatingMethodAccessorImpl.invoke(Ljava/lang/Object;[Ljava/lang/Object;)Ljava/lang/Object;+6
j  java.lang.reflect.Method.invoke(Ljava/lang/Object;[Ljava/lang/Object;)Ljava/lang/Object;+56
j  org.springframework.boot.devtools.restart.RestartLauncher.run()V+42
v  ~StubRoutines::call_stub

---------------  P R O C E S S  ---------------

Java Threads: ( => current thread )
  0x000000001b483000 JavaThread "Live Reload Server" daemon [_thread_in_native, id=8228, stack(0x000000001f1d0000,0x000000001f2d0000)]
  0x000000001b484800 JavaThread "HikariPool-1 connection adder" daemon [_thread_blocked, id=6360, stack(0x000000001e9d0000,0x000000001ead0000)]
  0x000000001b485800 JavaThread "HikariPool-1 housekeeper" daemon [_thread_blocked, id=696, stack(0x000000001e6d0000,0x000000001e7d0000)]
  0x000000001b487000 JavaThread "mysql-cj-abandoned-connection-cleanup" daemon [_thread_blocked, id=10568, stack(0x000000001ddd0000,0x000000001ded0000)]
  0x000000001b486000 JavaThread "container-0" [_thread_blocked, id=14120, stack(0x000000001cd00000,0x000000001ce00000)]
  0x000000001b487800 JavaThread "Catalina-utility-2" [_thread_blocked, id=2784, stack(0x000000001c000000,0x000000001c100000)]
  0x000000001b481000 JavaThread "Catalina-utility-1" [_thread_blocked, id=11300, stack(0x000000001ab30000,0x000000001ac30000)]
=>0x00000000198d7000 JavaThread "restartedMain" [_thread_in_vm, id=10020, stack(0x000000001a630000,0x000000001a730000)]
  0x00000000198d6000 JavaThread "Thread-2" [_thread_blocked, id=14668, stack(0x000000001a530000,0x000000001a630000)]
  0x000000001978e000 JavaThread "JMX server connection timeout 17" daemon [_thread_blocked, id=896, stack(0x000000001a230000,0x000000001a330000)]
  0x000000001965e000 JavaThread "RMI TCP Connection(2)-127.0.0.1" daemon [_thread_in_native, id=2140, stack(0x000000001a130000,0x000000001a230000)]
  0x000000001965d800 JavaThread "RMI Scheduler(0)" daemon [_thread_blocked, id=12140, stack(0x000000001a030000,0x000000001a130000)]
  0x0000000019662000 JavaThread "RMI TCP Connection(1)-127.0.0.1" daemon [_thread_in_native, id=1384, stack(0x0000000019df0000,0x0000000019ef0000)]
  0x00000000195dd800 JavaThread "RMI TCP Accept-0" daemon [_thread_in_native, id=8276, stack(0x0000000019bf0000,0x0000000019cf0000)]
  0x00000000195db000 JavaThread "RMI TCP Accept-52908" daemon [_thread_in_native, id=3704, stack(0x0000000019af0000,0x0000000019bf0000)]
  0x00000000195c9800 JavaThread "RMI TCP Accept-0" daemon [_thread_in_native, id=9536, stack(0x00000000199f0000,0x0000000019af0000)]
  0x00000000187d9000 JavaThread "Service Thread" daemon [_thread_blocked, id=6996, stack(0x0000000018db0000,0x0000000018eb0000)]
  0x00000000170ab800 JavaThread "C1 CompilerThread2" daemon [_thread_in_native, id=892, stack(0x0000000018cb0000,0x0000000018db0000)]
  0x00000000170a7800 JavaThread "C2 CompilerThread1" daemon [_thread_blocked, id=4696, stack(0x0000000018bb0000,0x0000000018cb0000)]
  0x0000000017057000 JavaThread "C2 CompilerThread0" daemon [_thread_blocked, id=5304, stack(0x00000000186b0000,0x00000000187b0000)]
  0x0000000017055000 JavaThread "Attach Listener" daemon [_thread_blocked, id=14680, stack(0x00000000185b0000,0x00000000186b0000)]
  0x0000000017054000 JavaThread "Signal Dispatcher" daemon [_thread_blocked, id=10260, stack(0x00000000184b0000,0x00000000185b0000)]
  0x000000001703c000 JavaThread "Finalizer" daemon [_thread_blocked, id=14612, stack(0x00000000182b0000,0x00000000183b0000)]
  0x00000000024f6000 JavaThread "Reference Handler" daemon [_thread_blocked, id=11436, stack(0x00000000181b0000,0x00000000182b0000)]
  0x0000000002408000 JavaThread "main" [_thread_blocked, id=14600, stack(0x0000000002300000,0x0000000002400000)]

Other Threads:
  0x0000000017017800 VMThread [stack: 0x00000000180b0000,0x00000000181b0000] [id=14572]
  0x00000000195df000 WatcherThread [stack: 0x0000000019cf0000,0x0000000019df0000] [id=10500]

VM state:not at safepoint (normal execution)

VM Mutex/Monitor currently owned by a thread: None

heap address: 0x0000000081800000, size: 2024 MB, Compressed Oops mode: 32-bit
Narrow klass base: 0x0000000000000000, Narrow klass shift: 3
Compressed class space size: 1073741824 Address: 0x0000000100000000

Heap:
 PSYoungGen      total 71680K, used 1290K [0x00000000d5d80000, 0x00000000da880000, 0x0000000100000000)
  eden space 66560K, 1% used [0x00000000d5d80000,0x00000000d5ec2b28,0x00000000d9e80000)
  from space 5120K, 0% used [0x00000000da380000,0x00000000da380000,0x00000000da880000)
  to   space 5120K, 0% used [0x00000000d9e80000,0x00000000d9e80000,0x00000000da380000)
 ParOldGen       total 50176K, used 25627K [0x0000000081800000, 0x0000000084900000, 0x00000000d5d80000)
  object space 50176K, 51% used [0x0000000081800000,0x0000000083106e60,0x0000000084900000)
 Metaspace       used 55059K, capacity 58248K, committed 58880K, reserved 1105920K
  class space    used 7774K, capacity 8335K, committed 8448K, reserved 1048576K

Card table byte_map: [0x00000000118c0000,0x0000000011cc0000] byte_map_base: 0x00000000114b4000

Marking Bits: (ParMarkBitMap*) 0x0000000063f55ce0
 Begin Bits: [0x0000000012370000, 0x0000000014310000)
 End Bits:   [0x0000000014310000, 0x00000000162b0000)

Polling page: 0x0000000000960000

CodeCache: size=245760Kb used=10961Kb max_used=11053Kb free=234798Kb
 bounds [0x0000000002500000, 0x0000000002fd0000, 0x0000000011500000]
 total_blobs=6482 nmethods=5897 adapters=496
 compilation: enabled

Compilation events (10 events):
Event: 12.195 Thread 0x00000000170ab800 nmethod 5951 0x0000000002a9c010 code [0x0000000002a9c160, 0x0000000002a9c2d0]
Event: 12.196 Thread 0x00000000170ab800 5952       1       org.springframework.asm.Label::addLineNumber (89 bytes)
Event: 12.196 Thread 0x00000000170ab800 nmethod 5952 0x0000000002a9b950 code [0x0000000002a9bac0, 0x0000000002a9be68]
Event: 12.196 Thread 0x00000000170ab800 5953       1       org.springframework.asm.MethodVisitor::visitLineNumber (17 bytes)
Event: 12.196 Thread 0x00000000170ab800 nmethod 5953 0x0000000002a9b650 code [0x0000000002a9b7a0, 0x0000000002a9b8e8]
Event: 12.196 Thread 0x00000000170ab800 5954       1       org.springframework.core.LocalVariableTableParameterNameDiscoverer$LocalVariableTableVisitor::visitLocalVariable (45 bytes)
Event: 12.197 Thread 0x00000000170ab800 nmethod 5954 0x0000000002a9b150 code [0x0000000002a9b2c0, 0x0000000002a9b4b0]
Event: 12.197 Thread 0x00000000170ab800 5955       1       org.springframework.asm.ClassReader::createLabel (21 bytes)
Event: 12.197 Thread 0x00000000170ab800 nmethod 5955 0x0000000002a9ab90 code [0x0000000002a9ad00, 0x0000000002a9af90]
Event: 12.197 Thread 0x00000000170ab800 5956       1       org.springframework.asm.ClassReader::readCode (5105 bytes)

GC Heap History (10 events):
Event: 11.316 GC heap before
{Heap before GC invocations=20 (full 4):
 PSYoungGen      total 71680K, used 32K [0x00000000d5d80000, 0x00000000da880000, 0x0000000100000000)
  eden space 66560K, 0% used [0x00000000d5d80000,0x00000000d5d80000,0x00000000d9e80000)
  from space 5120K, 0% used [0x00000000da380000,0x00000000da388000,0x00000000da880000)
  to   space 5120K, 0% used [0x00000000d9e80000,0x00000000d9e80000,0x00000000da380000)
 ParOldGen       total 50176K, used 28237K [0x0000000081800000, 0x0000000084900000, 0x00000000d5d80000)
  object space 50176K, 56% used [0x0000000081800000,0x0000000083393708,0x0000000084900000)
 Metaspace       used 54309K, capacity 57538K, committed 57728K, reserved 1105920K
  class space    used 7617K, capacity 8218K, committed 8320K, reserved 1048576K
Event: 11.392 GC heap after
Heap after GC invocations=20 (full 4):
 PSYoungGen      total 71680K, used 0K [0x00000000d5d80000, 0x00000000da880000, 0x0000000100000000)
  eden space 66560K, 0% used [0x00000000d5d80000,0x00000000d5d80000,0x00000000d9e80000)
  from space 5120K, 0% used [0x00000000da380000,0x00000000da380000,0x00000000da880000)
  to   space 5120K, 0% used [0x00000000d9e80000,0x00000000d9e80000,0x00000000da380000)
 ParOldGen       total 50176K, used 28191K [0x0000000081800000, 0x0000000084900000, 0x00000000d5d80000)
  object space 50176K, 56% used [0x0000000081800000,0x0000000083387ee8,0x0000000084900000)
 Metaspace       used 54309K, capacity 57538K, committed 57728K, reserved 1101824K
  class space    used 7617K, capacity 8218K, committed 8320K, reserved 1048576K
}
Event: 11.393 GC heap before
{Heap before GC invocations=21 (full 4):
 PSYoungGen      total 71680K, used 0K [0x00000000d5d80000, 0x00000000da880000, 0x0000000100000000)
  eden space 66560K, 0% used [0x00000000d5d80000,0x00000000d5d80000,0x00000000d9e80000)
  from space 5120K, 0% used [0x00000000da380000,0x00000000da380000,0x00000000da880000)
  to   space 5120K, 0% used [0x00000000d9e80000,0x00000000d9e80000,0x00000000da380000)
 ParOldGen       total 50176K, used 28191K [0x0000000081800000, 0x0000000084900000, 0x00000000d5d80000)
  object space 50176K, 56% used [0x0000000081800000,0x0000000083387ee8,0x0000000084900000)
 Metaspace       used 54309K, capacity 57538K, committed 57728K, reserved 1105920K
  class space    used 7617K, capacity 8218K, committed 8320K, reserved 1048576K
Event: 11.395 GC heap after
Heap after GC invocations=21 (full 4):
 PSYoungGen      total 71680K, used 0K [0x00000000d5d80000, 0x00000000da880000, 0x0000000100000000)
  eden space 66560K, 0% used [0x00000000d5d80000,0x00000000d5d80000,0x00000000d9e80000)
  from space 5120K, 0% used [0x00000000d9e80000,0x00000000d9e80000,0x00000000da380000)
  to   space 5120K, 0% used [0x00000000da380000,0x00000000da380000,0x00000000da880000)
 ParOldGen       total 50176K, used 28191K [0x0000000081800000, 0x0000000084900000, 0x00000000d5d80000)
  object space 50176K, 56% used [0x0000000081800000,0x0000000083387ee8,0x0000000084900000)
 Metaspace       used 54309K, capacity 57538K, committed 57728K, reserved 1105920K
  class space    used 7617K, capacity 8218K, committed 8320K, reserved 1048576K
}
Event: 11.395 GC heap before
{Heap before GC invocations=22 (full 5):
 PSYoungGen      total 71680K, used 0K [0x00000000d5d80000, 0x00000000da880000, 0x0000000100000000)
  eden space 66560K, 0% used [0x00000000d5d80000,0x00000000d5d80000,0x00000000d9e80000)
  from space 5120K, 0% used [0x00000000d9e80000,0x00000000d9e80000,0x00000000da380000)
  to   space 5120K, 0% used [0x00000000da380000,0x00000000da380000,0x00000000da880000)
 ParOldGen       total 50176K, used 28191K [0x0000000081800000, 0x0000000084900000, 0x00000000d5d80000)
  object space 50176K, 56% used [0x0000000081800000,0x0000000083387ee8,0x0000000084900000)
 Metaspace       used 54309K, capacity 57538K, committed 57728K, reserved 1105920K
  class space    used 7617K, capacity 8218K, committed 8320K, reserved 1048576K
Event: 11.605 GC heap after
Heap after GC invocations=22 (full 5):
 PSYoungGen      total 71680K, used 0K [0x00000000d5d80000, 0x00000000da880000, 0x0000000100000000)
  eden space 66560K, 0% used [0x00000000d5d80000,0x00000000d5d80000,0x00000000d9e80000)
  from space 5120K, 0% used [0x00000000d9e80000,0x00000000d9e80000,0x00000000da380000)
  to   space 5120K, 0% used [0x00000000da380000,0x00000000da380000,0x00000000da880000)
 ParOldGen       total 50176K, used 23565K [0x0000000081800000, 0x0000000084900000, 0x00000000d5d80000)
  object space 50176K, 46% used [0x0000000081800000,0x0000000082f037c0,0x0000000084900000)
 Metaspace       used 54004K, capacity 57044K, committed 57728K, reserved 1101824K
  class space    used 7567K, capacity 8127K, committed 8320K, reserved 1048576K
}
Event: 11.945 GC heap before
{Heap before GC invocations=23 (full 5):
 PSYoungGen      total 71680K, used 24747K [0x00000000d5d80000, 0x00000000da880000, 0x0000000100000000)
  eden space 66560K, 37% used [0x00000000d5d80000,0x00000000d75aac40,0x00000000d9e80000)
  from space 5120K, 0% used [0x00000000d9e80000,0x00000000d9e80000,0x00000000da380000)
  to   space 5120K, 0% used [0x00000000da380000,0x00000000da380000,0x00000000da880000)
 ParOldGen       total 50176K, used 23565K [0x0000000081800000, 0x0000000084900000, 0x00000000d5d80000)
  object space 50176K, 46% used [0x0000000081800000,0x0000000082f037c0,0x0000000084900000)
 Metaspace       used 55032K, capacity 58174K, committed 58624K, reserved 1107968K
  class space    used 7771K, capacity 8332K, committed 8448K, reserved 1048576K
Event: 11.951 GC heap after
Heap after GC invocations=23 (full 5):
 PSYoungGen      total 71680K, used 2743K [0x00000000d5d80000, 0x00000000da880000, 0x0000000100000000)
  eden space 66560K, 0% used [0x00000000d5d80000,0x00000000d5d80000,0x00000000d9e80000)
  from space 5120K, 53% used [0x00000000da380000,0x00000000da62dec8,0x00000000da880000)
  to   space 5120K, 0% used [0x00000000d9e80000,0x00000000d9e80000,0x00000000da380000)
 ParOldGen       total 50176K, used 23573K [0x0000000081800000, 0x0000000084900000, 0x00000000d5d80000)
  object space 50176K, 46% used [0x0000000081800000,0x0000000082f057c0,0x0000000084900000)
 Metaspace       used 55032K, capacity 58174K, committed 58624K, reserved 1107968K
  class space    used 7771K, capacity 8332K, committed 8448K, reserved 1048576K
}
Event: 11.951 GC heap before
{Heap before GC invocations=24 (full 6):
 PSYoungGen      total 71680K, used 2743K [0x00000000d5d80000, 0x00000000da880000, 0x0000000100000000)
  eden space 66560K, 0% used [0x00000000d5d80000,0x00000000d5d80000,0x00000000d9e80000)
  from space 5120K, 53% used [0x00000000da380000,0x00000000da62dec8,0x00000000da880000)
  to   space 5120K, 0% used [0x00000000d9e80000,0x00000000d9e80000,0x00000000da380000)
 ParOldGen       total 50176K, used 23573K [0x0000000081800000, 0x0000000084900000, 0x00000000d5d80000)
  object space 50176K, 46% used [0x0000000081800000,0x0000000082f057c0,0x0000000084900000)
 Metaspace       used 55032K, capacity 58174K, committed 58624K, reserved 1107968K
  class space    used 7771K, capacity 8332K, committed 8448K, reserved 1048576K
Event: 12.192 GC heap after
Heap after GC invocations=24 (full 6):
 PSYoungGen      total 71680K, used 0K [0x00000000d5d80000, 0x00000000da880000, 0x0000000100000000)
  eden space 66560K, 0% used [0x00000000d5d80000,0x00000000d5d80000,0x00000000d9e80000)
  from space 5120K, 0% used [0x00000000da380000,0x00000000da380000,0x00000000da880000)
  to   space 5120K, 0% used [0x00000000d9e80000,0x00000000d9e80000,0x00000000da380000)
 ParOldGen       total 50176K, used 25627K [0x0000000081800000, 0x0000000084900000, 0x00000000d5d80000)
  object space 50176K, 51% used [0x0000000081800000,0x0000000083106e60,0x0000000084900000)
 Metaspace       used 55032K, capacity 58174K, committed 58624K, reserved 1105920K
  class space    used 7771K, capacity 8332K, committed 8448K, reserved 1048576K
}

Deoptimization events (0 events):
No events

Classes redefined (0 events):
No events

Internal exceptions (10 events):
Event: 11.823 Thread 0x00000000198d7000 Exception <a 'java/lang/ArrayIndexOutOfBoundsException'> (0x00000000d6d20d28) thrown at [C:\re\workspace\8-2-build-windows-amd64-cygwin\jdk8u221\13320\hotspot\src\share\vm\runtime\sharedRuntime.cpp, line 605]
Event: 11.823 Thread 0x00000000198d7000 Exception <a 'java/lang/ArrayIndexOutOfBoundsException'> (0x00000000d6d22b10) thrown at [C:\re\workspace\8-2-build-windows-amd64-cygwin\jdk8u221\13320\hotspot\src\share\vm\runtime\sharedRuntime.cpp, line 605]
Event: 11.823 Thread 0x00000000198d7000 Exception <a 'java/lang/ArrayIndexOutOfBoundsException'> (0x00000000d6d24ee0) thrown at [C:\re\workspace\8-2-build-windows-amd64-cygwin\jdk8u221\13320\hotspot\src\share\vm\runtime\sharedRuntime.cpp, line 605]
Event: 11.853 Thread 0x00000000198d7000 Exception <a 'java/lang/ClassNotFoundException': java/lang/ObjectCustomizer> (0x00000000d706e660) thrown at [C:\re\workspace\8-2-build-windows-amd64-cygwin\jdk8u221\13320\hotspot\src\share\vm\classfile\systemDictionary.cpp, line 210]
Event: 11.853 Thread 0x00000000198d7000 Exception <a 'java/lang/ArrayIndexOutOfBoundsException'> (0x00000000d70717c0) thrown at [C:\re\workspace\8-2-build-windows-amd64-cygwin\jdk8u221\13320\hotspot\src\share\vm\runtime\sharedRuntime.cpp, line 605]
Event: 11.854 Thread 0x00000000198d7000 Exception <a 'java/lang/ClassNotFoundException': org/springframework/security/config/annotation/web/configuration/HttpSecurityConfigurationCustomizer> (0x00000000d709dad0) thrown at [C:\re\workspace\8-2-build-windows-amd64-cygwin\jdk8u221\13320\hotspot\sr
Event: 11.855 Thread 0x00000000198d7000 Exception <a 'java/lang/ArrayIndexOutOfBoundsException'> (0x00000000d70a8a68) thrown at [C:\re\workspace\8-2-build-windows-amd64-cygwin\jdk8u221\13320\hotspot\src\share\vm\runtime\sharedRuntime.cpp, line 605]
Event: 11.894 Thread 0x00000000198d7000 Exception <a 'java/lang/ArrayIndexOutOfBoundsException'> (0x00000000d7280248) thrown at [C:\re\workspace\8-2-build-windows-amd64-cygwin\jdk8u221\13320\hotspot\src\share\vm\runtime\sharedRuntime.cpp, line 605]
Event: 11.930 Thread 0x00000000198d7000 Exception <a 'java/lang/ArrayIndexOutOfBoundsException'> (0x00000000d7441540) thrown at [C:\re\workspace\8-2-build-windows-amd64-cygwin\jdk8u221\13320\hotspot\src\share\vm\runtime\sharedRuntime.cpp, line 605]
Event: 11.934 Thread 0x00000000198d7000 Exception <a 'java/lang/ArrayIndexOutOfBoundsException'> (0x00000000d745af00) thrown at [C:\re\workspace\8-2-build-windows-amd64-cygwin\jdk8u221\13320\hotspot\src\share\vm\runtime\sharedRuntime.cpp, line 605]

Events (10 events):
Event: 11.944 loading class org/springframework/boot/autoconfigure/validation/ValidatorAdapter
Event: 11.944 loading class org/springframework/boot/autoconfigure/validation/ValidatorAdapter done
Event: 11.944 Executing VM operation: CollectForMetadataAllocation
Event: 12.192 Executing VM operation: CollectForMetadataAllocation done
Event: 12.200 loading class org/springframework/util/ReflectionUtils$MethodFilter
Event: 12.200 loading class org/springframework/util/ReflectionUtils$MethodFilter done
Event: 12.201 loading class org/springframework/util/ReflectionUtils$MethodFilter
Event: 12.201 loading class org/springframework/util/ReflectionUtils$MethodFilter done
Event: 12.201 loading class org/springframework/core/task/SimpleAsyncTaskExecutor
Event: 12.201 loading class org/springframework/core/task/SimpleAsyncTaskExecutor done


Dynamic libraries:
0x00007ff7c7bd0000 - 0x00007ff7c7c07000 	C:\Program Files\Java\jre1.8.0_221\bin\javaw.exe
0x00007ffa93120000 - 0x00007ffa93310000 	C:\WINDOWS\SYSTEM32\ntdll.dll
0x00007ffa91430000 - 0x00007ffa914e2000 	C:\WINDOWS\System32\KERNEL32.DLL
0x00007ffa90220000 - 0x00007ffa904c4000 	C:\WINDOWS\System32\KERNELBASE.dll
0x00007ffa916d0000 - 0x00007ffa91773000 	C:\WINDOWS\System32\ADVAPI32.dll
0x00007ffa92660000 - 0x00007ffa926fe000 	C:\WINDOWS\System32\msvcrt.dll
0x00007ffa92fc0000 - 0x00007ffa93057000 	C:\WINDOWS\System32\sechost.dll
0x00007ffa91ef0000 - 0x00007ffa92010000 	C:\WINDOWS\System32\RPCRT4.dll
0x00007ffa92e20000 - 0x00007ffa92fb4000 	C:\WINDOWS\System32\USER32.dll
0x00007ffa91170000 - 0x00007ffa91191000 	C:\WINDOWS\System32\win32u.dll
0x00007ffa92df0000 - 0x00007ffa92e16000 	C:\WINDOWS\System32\GDI32.dll
0x00007ffa90ea0000 - 0x00007ffa91035000 	C:\WINDOWS\System32\gdi32full.dll
0x00007ffa90180000 - 0x00007ffa9021e000 	C:\WINDOWS\System32\msvcp_win.dll
0x00007ffa904d0000 - 0x00007ffa905ca000 	C:\WINDOWS\System32\ucrtbase.dll
0x00007ffa79730000 - 0x00007ffa799b4000 	C:\WINDOWS\WinSxS\amd64_microsoft.windows.common-controls_6595b64144ccf1df_6.0.18362.900_none_e6beb9d913147d17\COMCTL32.dll
0x00007ffa92310000 - 0x00007ffa92645000 	C:\WINDOWS\System32\combase.dll
0x00007ffa900b0000 - 0x00007ffa90130000 	C:\WINDOWS\System32\bcryptPrimitives.dll
0x00007ffa914f0000 - 0x00007ffa9151e000 	C:\WINDOWS\System32\IMM32.DLL
0x0000000063fe0000 - 0x00000000640b2000 	C:\Program Files\Java\jre1.8.0_221\bin\msvcr100.dll
0x0000000063730000 - 0x0000000063fd5000 	C:\Program Files\Java\jre1.8.0_221\bin\server\jvm.dll
0x00007ffa91660000 - 0x00007ffa91668000 	C:\WINDOWS\System32\PSAPI.DLL
0x00007ffa745e0000 - 0x00007ffa745e9000 	C:\WINDOWS\SYSTEM32\WSOCK32.dll
0x00007ffa8caa0000 - 0x00007ffa8cac4000 	C:\WINDOWS\SYSTEM32\WINMM.dll
0x00007ffa92170000 - 0x00007ffa921df000 	C:\WINDOWS\System32\WS2_32.dll
0x00007ffa87aa0000 - 0x00007ffa87aaa000 	C:\WINDOWS\SYSTEM32\VERSION.dll
0x00007ffa8ca70000 - 0x00007ffa8ca9d000 	C:\WINDOWS\SYSTEM32\WINMMBASE.dll
0x00007ffa90130000 - 0x00007ffa9017a000 	C:\WINDOWS\System32\cfgmgr32.dll
0x00007ffa80c20000 - 0x00007ffa80c2f000 	C:\Program Files\Java\jre1.8.0_221\bin\verify.dll
0x00007ffa74d60000 - 0x00007ffa74d89000 	C:\Program Files\Java\jre1.8.0_221\bin\java.dll
0x00007ffa80c00000 - 0x00007ffa80c16000 	C:\Program Files\Java\jre1.8.0_221\bin\zip.dll
0x00007ffa92700000 - 0x00007ffa92de6000 	C:\WINDOWS\System32\SHELL32.dll
0x00007ffa91e40000 - 0x00007ffa91ee9000 	C:\WINDOWS\System32\shcore.dll
0x00007ffa90720000 - 0x00007ffa90ea0000 	C:\WINDOWS\System32\windows.storage.dll
0x00007ffa90040000 - 0x00007ffa90063000 	C:\WINDOWS\System32\profapi.dll
0x00007ffa8fff0000 - 0x00007ffa9003a000 	C:\WINDOWS\System32\powrprof.dll
0x00007ffa8ffe0000 - 0x00007ffa8fff0000 	C:\WINDOWS\System32\UMPDC.dll
0x00007ffa91860000 - 0x00007ffa918b2000 	C:\WINDOWS\System32\shlwapi.dll
0x00007ffa90070000 - 0x00007ffa90081000 	C:\WINDOWS\System32\kernel.appcore.dll
0x00007ffa910a0000 - 0x00007ffa910b7000 	C:\WINDOWS\System32\cryptsp.dll
0x00007ffa825a0000 - 0x00007ffa825ad000 	C:\Program Files\Java\jre1.8.0_221\bin\management.dll
0x00007ffa82580000 - 0x00007ffa8259a000 	C:\Program Files\Java\jre1.8.0_221\bin\net.dll
0x00007ffa873a0000 - 0x00007ffa87576000 	C:\WINDOWS\SYSTEM32\urlmon.dll
0x00007ffa866b0000 - 0x00007ffa86956000 	C:\WINDOWS\SYSTEM32\iertutil.dll
0x00007ffa8f9c0000 - 0x00007ffa8f9cc000 	C:\WINDOWS\SYSTEM32\CRYPTBASE.DLL
0x00007ffa8f7f0000 - 0x00007ffa8f857000 	C:\WINDOWS\system32\mswsock.dll
0x00007ffa82560000 - 0x00007ffa82572000 	C:\Program Files\Java\jre1.8.0_221\bin\nio.dll
0x00007ffa72130000 - 0x00007ffa72146000 	C:\WINDOWS\system32\napinsp.dll
0x00007ffa72110000 - 0x00007ffa7212a000 	C:\WINDOWS\system32\pnrpnsp.dll
0x00007ffa8f540000 - 0x00007ffa8f60b000 	C:\WINDOWS\SYSTEM32\DNSAPI.dll
0x00007ffa91850000 - 0x00007ffa91858000 	C:\WINDOWS\System32\NSI.dll
0x00007ffa8f500000 - 0x00007ffa8f53a000 	C:\WINDOWS\SYSTEM32\IPHLPAPI.DLL
0x00007ffa72ac0000 - 0x00007ffa72ace000 	C:\WINDOWS\System32\winrnr.dll
0x00007ffa8c710000 - 0x00007ffa8c72c000 	C:\WINDOWS\system32\NLAapi.dll
0x00007ffa82500000 - 0x00007ffa82515000 	C:\WINDOWS\system32\wshbth.dll
0x00007ffa820e0000 - 0x00007ffa820ea000 	C:\Windows\System32\rasadhlp.dll
0x00007ffa82f20000 - 0x00007ffa82f97000 	C:\WINDOWS\System32\fwpuclnt.dll
0x00007ffa911a0000 - 0x00007ffa911c6000 	C:\WINDOWS\System32\bcrypt.dll
0x00007ffa8f360000 - 0x00007ffa8f393000 	C:\WINDOWS\system32\rsaenh.dll
0x00007ffa8ff00000 - 0x00007ffa8ff25000 	C:\WINDOWS\SYSTEM32\USERENV.dll
0x00007ffa83420000 - 0x00007ffa83436000 	C:\WINDOWS\SYSTEM32\dhcpcsvc6.DLL
0x00007ffa834e0000 - 0x00007ffa834fc000 	C:\WINDOWS\SYSTEM32\dhcpcsvc.DLL
0x00007ffa82530000 - 0x00007ffa82554000 	C:\Program Files\Java\jre1.8.0_221\bin\sunec.dll
0x00007ffa82520000 - 0x00007ffa8252b000 	C:\Program Files\Java\jre1.8.0_221\bin\sunmscapi.dll
0x00007ffa905d0000 - 0x00007ffa90719000 	C:\WINDOWS\System32\CRYPT32.dll
0x00007ffa90090000 - 0x00007ffa900a2000 	C:\WINDOWS\System32\MSASN1.dll

VM Arguments:
jvm_args: -Dcom.sun.management.jmxremote -Dcom.sun.management.jmxremote.port=52908 -Dcom.sun.management.jmxremote.authenticate=false -Dcom.sun.management.jmxremote.ssl=false -Djava.rmi.server.hostname=localhost -Dspring.jmx.enabled=true -Dspring.application.admin.enabled=true -Xverify:none -XX:TieredStopAtLevel=1 -Dspring.boot.project.name=Rsale -Dfile.encoding=UTF-8 
java_command: com.dk.rsale.RsaleApplication --spring.output.ansi.enabled=always
java_class_path (initial): D:\myproject\Rsale\target\classes;C:\Users\TANISHKA\.p2\pool\plugins\org.junit_4.13.0.v20200204-1500.jar;C:\Users\TANISHKA\.p2\pool\plugins\org.hamcrest.core_1.3.0.v20180420-1519.jar;C:\Users\TANISHKA\.m2\repository\org\springframework\boot\spring-boot-starter-data-jpa\2.4.4\spring-boot-starter-data-jpa-2.4.4.jar;C:\Users\TANISHKA\.m2\repository\org\springframework\boot\spring-boot-starter-aop\2.4.4\spring-boot-starter-aop-2.4.4.jar;C:\Users\TANISHKA\.m2\repository\org\aspectj\aspectjweaver\1.9.6\aspectjweaver-1.9.6.jar;C:\Users\TANISHKA\.m2\repository\org\springframework\boot\spring-boot-starter-jdbc\2.4.4\spring-boot-starter-jdbc-2.4.4.jar;C:\Users\TANISHKA\.m2\repository\com\zaxxer\HikariCP\3.4.5\HikariCP-3.4.5.jar;C:\Users\TANISHKA\.m2\repository\org\springframework\spring-jdbc\5.3.5\spring-jdbc-5.3.5.jar;C:\Users\TANISHKA\.m2\repository\jakarta\transaction\jakarta.transaction-api\1.3.3\jakarta.transaction-api-1.3.3.jar;C:\Users\TANISHKA\.m2\repository\jakarta\persistence\jakarta.persistence-api\2.2.3\jakarta.persistence-api-2.2.3.jar;C:\Users\TANISHKA\.m2\repository\org\hibernate\hibernate-core\5.4.29.Final\hibernate-core-5.4.29.Final.jar;C:\Users\TANISHKA\.m2\repository\org\jboss\logging\jboss-logging\3.4.1.Final\jboss-logging-3.4.1.Final.jar;C:\Users\TANISHKA\.m2\repository\org\javassist\javassist\3.27.0-GA\javassist-3.27.0-GA.jar;C:\Users\TANISHKA\.m2\repository\net\bytebuddy\byte-buddy\1.10.22\byte-buddy-1.10.22.jar;C:\Users\TANISHKA\.m2\repository\antlr\antlr\2.7.7\antlr-2.7.7.jar;C:\Users\TANISHKA\.m2\repository\org\jboss\jandex\2.2.3.Final\jandex-2.2.3.Final.jar;C:\Users\TANISHKA\.m2\repository\com\fasterxml\classmate\1.5.1\classmate-1.5.1.jar;C:\Users\TANISHKA\.m2\repository\org\dom4j\dom4j\2.1.3\dom4j-2.1.3.jar;C:\Users\TANISHKA\.m2\repository\org\hibernate\common\hibernate-commons-annotations\5.1.2.Final\hibernate-commons-annotations-5.1.2.Final.jar;C:\Users\TANISHKA\.m2\repository\org\glassfish\jaxb\jaxb-runtime\2.3.3\jax
Launcher Type: SUN_STANDARD

Environment Variables:
JAVA_HOME=C:\Program Files\Java\jdk1.8.0_181
PATH=C:/Users/TANISHKA/.p2/pool/plugins/org.eclipse.justj.openjdk.hotspot.jre.full.win32.x86_64_15.0.1.v20201027-0507/jre/bin/server;C:/Users/TANISHKA/.p2/pool/plugins/org.eclipse.justj.openjdk.hotspot.jre.full.win32.x86_64_15.0.1.v20201027-0507/jre/bin;C:\Python38\Scripts\;C:\Python38\;D:\app\TANISHKA\product\11.2.0\dbhome_1\bin;C:\Program Files (x86)\Common Files\Oracle\Java\javapath;C:\Program Files (x86)\Intel\iCLS Client\;C:\Program Files\Intel\iCLS Client\;C:\WINDOWS\system32;C:\WINDOWS;C:\WINDOWS\System32\Wbem;C:\WINDOWS\System32\WindowsPowerShell\v1.0\;C:\WINDOWS\System32\OpenSSH\;C:\Program Files\Java\jdk1.8.0_181\bin;%cCATALINA_HOME%\bin;D:\SQL-SERVER\Client SDK\ODBC\130\Tools\Binn\;D:\SQL-SERVER\140\Tools\Binn\;D:\SQL-SERVER\140\DTS\Binn\;C:\Program Files (x86)\MySQL\MySQL Server 5.5\bin;C:\Program Files\Java\jdk-13.0.2\bin;C:\ProgramData\chocolatey\bin;C:\Program Files\MySQL\MySQL Shell 8.0\bin\;C:\Users\TANISHKA\AppData\Local\Microsoft\WindowsApps;C:\Program Files\MySQL\MySQL Server 8.0\bin;C:\Users\TANISHKA\Desktop;
USERNAME=TANISHKA
OS=Windows_NT
PROCESSOR_IDENTIFIER=Intel64 Family 6 Model 61 Stepping 4, GenuineIntel



---------------  S Y S T E M  ---------------

OS: Windows 10.0 , 64 bit Build 18362 (10.0.18362.900)

CPU:total 4 (initial active 4) (2 cores per cpu, 2 threads per core) family 6 model 61 stepping 4, cmov, cx8, fxsr, mmx, sse, sse2, sse3, ssse3, sse4.1, sse4.2, popcnt, avx, avx2, aes, clmul, erms, rtm, 3dnowpref, lzcnt, ht, tsc, tscinvbit, bmi1, bmi2, adx

Memory: 4k page, physical 8288672k(1269620k free), swap 10034224k(4272k free)

vm_info: Java HotSpot(TM) 64-Bit Server VM (25.221-b11) for windows-amd64 JRE (1.8.0_221-b11), built on Jul  4 2019 04:39:29 by "java_re" with MS VC++ 10.0 (VS2010)

time: Fri Jun 11 21:27:05 2021
timezone: India Standard Time
elapsed time: 12 seconds (0d 0h 0m 12s)

